c:\users\dimit\desktop\project ka and kg\opengl-project\opengl\release\vc142.pdb
c:\users\dimit\desktop\project ka and kg\opengl-project\opengl\release\texture.obj
c:\users\dimit\desktop\project ka and kg\opengl-project\opengl\release\application.obj
c:\users\dimit\desktop\project ka and kg\opengl-project\opengl\release\shader.obj
c:\users\dimit\desktop\project ka and kg\opengl-project\opengl\release\vertexarray.obj
c:\users\dimit\desktop\project ka and kg\opengl-project\opengl\release\gameobject.obj
c:\users\dimit\desktop\project ka and kg\opengl-project\opengl\release\camera.obj
c:\users\dimit\desktop\project ka and kg\opengl-project\opengl\release\model.obj
c:\users\dimit\desktop\project ka and kg\opengl-project\opengl\release\mesh.obj
c:\users\dimit\desktop\project ka and kg\opengl-project\opengl\release\joint.obj
c:\users\dimit\desktop\project ka and kg\opengl-project\opengl\release\buffer.obj
c:\users\dimit\desktop\project ka and kg\opengl-project\opengl\release\fastnoisesimd_neon.obj
c:\users\dimit\desktop\project ka and kg\opengl-project\opengl\release\fastnoisesimd_internal.obj
c:\users\dimit\desktop\project ka and kg\opengl-project\opengl\release\fastnoisesimd.obj
c:\users\dimit\desktop\project ka and kg\opengl-project\opengl\release\fastnoisesimd_avx512.obj
c:\users\dimit\desktop\project ka and kg\opengl-project\opengl\release\fastnoisesimd_avx2.obj
c:\users\dimit\desktop\project ka and kg\opengl-project\opengl\release\fastnoisesimd_sse41.obj
c:\users\dimit\desktop\project ka and kg\opengl-project\opengl\release\fastnoisesimd_sse2.obj
c:\users\dimit\desktop\project ka and kg\opengl-project\opengl\release\glad.obj
c:\users\dimit\desktop\project ka and kg\opengl-project\release\opengl.exe
c:\users\dimit\desktop\project ka and kg\opengl-project\release\opengl.pdb
c:\users\dimit\desktop\project ka and kg\opengl-project\release\opengl.ipdb
c:\users\dimit\desktop\project ka and kg\opengl-project\release\opengl.iobj
c:\users\dimit\desktop\project ka and kg\opengl-project\opengl\release\opengl.tlog\cl.command.1.tlog
c:\users\dimit\desktop\project ka and kg\opengl-project\opengl\release\opengl.tlog\cl.read.1.tlog
c:\users\dimit\desktop\project ka and kg\opengl-project\opengl\release\opengl.tlog\cl.write.1.tlog
c:\users\dimit\desktop\project ka and kg\opengl-project\opengl\release\opengl.tlog\link.command.1.tlog
c:\users\dimit\desktop\project ka and kg\opengl-project\opengl\release\opengl.tlog\link.read.1.tlog
c:\users\dimit\desktop\project ka and kg\opengl-project\opengl\release\opengl.tlog\link.write.1.tlog
c:\users\dimit\desktop\project ka and kg\opengl-project\opengl\release\opengl.tlog\opengl.write.1u.tlog
