Model.obj : error LNK2019: unresolved external symbol aiGetMaterialFloatArray referenced in function aiGetMaterialFloat
Model.obj : error LNK2019: unresolved external symbol aiGetMaterialColor referenced in function "public: enum aiReturn __cdecl aiMaterial::Get(char const *,unsigned int,unsigned int,struct aiColor3D &)const " (?Get@aiMaterial@@QEBA?AW4aiReturn@@PEBDIIAEAUaiColor3D@@@Z)
Model.obj : error LNK2019: unresolved external symbol aiGetMaterialTextureCount referenced in function "public: unsigned int __cdecl aiMaterial::GetTextureCount(enum aiTextureType)const " (?GetTextureCount@aiMaterial@@QEBAIW4aiTextureType@@@Z)
Model.obj : error LNK2019: unresolved external symbol aiGetMaterialTexture referenced in function "public: enum aiReturn __cdecl aiMaterial::GetTexture(enum aiTextureType,unsigned int,struct aiString *,enum aiTextureMapping *,unsigned int *,float *,enum aiTextureOp *,enum aiTextureMapMode *)const " (?GetTexture@aiMaterial@@QEBA?AW4aiReturn@@W4aiTextureType@@IPEAUaiString@@PEAW4aiTextureMapping@@PEAIPEAMPEAW4aiTextureOp@@PEAW4aiTextureMapMode@@@Z)
Model.obj : error LNK2019: unresolved external symbol "public: __cdecl Assimp::Importer::Importer(void)" (??0Importer@Assimp@@QEAA@XZ) referenced in function "public: void __cdecl Model::create(class std::basic_string<char,struct std::char_traits<char>,class std::allocator<char> > const &)" (?create@Model@@QEAAXAEBV?$basic_string@DU?$char_traits@D@std@@V?$allocator@D@2@@std@@@Z)
Model.obj : error LNK2019: unresolved external symbol "public: __cdecl Assimp::Importer::~Importer(void)" (??1Importer@Assimp@@QEAA@XZ) referenced in function "public: void __cdecl Model::create(class std::basic_string<char,struct std::char_traits<char>,class std::allocator<char> > const &)" (?create@Model@@QEAAXAEBV?$basic_string@DU?$char_traits@D@std@@V?$allocator@D@2@@std@@@Z)
Model.obj : error LNK2019: unresolved external symbol "public: struct aiScene const * __cdecl Assimp::Importer::ReadFile(char const *,unsigned int)" (?ReadFile@Importer@Assimp@@QEAAPEBUaiScene@@PEBDI@Z) referenced in function "public: struct aiScene const * __cdecl Assimp::Importer::ReadFile(class std::basic_string<char,struct std::char_traits<char>,class std::allocator<char> > const &,unsigned int)" (?ReadFile@Importer@Assimp@@QEAAPEBUaiScene@@AEBV?$basic_string@DU?$char_traits@D@std@@V?$allocator@D@2@@std@@I@Z)
Model.obj : error LNK2019: unresolved external symbol "public: struct aiScene * __cdecl Assimp::Importer::GetOrphanedScene(void)" (?GetOrphanedScene@Importer@Assimp@@QEAAPEAUaiScene@@XZ) referenced in function "public: void __cdecl Model::create(class std::basic_string<char,struct std::char_traits<char>,class std::allocator<char> > const &)" (?create@Model@@QEAAXAEBV?$basic_string@DU?$char_traits@D@std@@V?$allocator@D@2@@std@@@Z)
Application.obj : error LNK2019: unresolved external symbol glfwInit referenced in function "void __cdecl init(void)" (?init@@YAXXZ)
Application.obj : error LNK2019: unresolved external symbol glfwTerminate referenced in function "struct GLFWwindow * __cdecl createWindow(unsigned int,unsigned int,char const *,bool)" (?createWindow@@YAPEAUGLFWwindow@@IIPEBD_N@Z)
Application.obj : error LNK2019: unresolved external symbol glfwGetPrimaryMonitor referenced in function "struct GLFWwindow * __cdecl createWindow(unsigned int,unsigned int,char const *,bool)" (?createWindow@@YAPEAUGLFWwindow@@IIPEBD_N@Z)
Application.obj : error LNK2019: unresolved external symbol glfwGetVideoMode referenced in function "struct GLFWwindow * __cdecl createWindow(unsigned int,unsigned int,char const *,bool)" (?createWindow@@YAPEAUGLFWwindow@@IIPEBD_N@Z)
Application.obj : error LNK2019: unresolved external symbol glfwCreateWindow referenced in function "struct GLFWwindow * __cdecl createWindow(unsigned int,unsigned int,char const *,bool)" (?createWindow@@YAPEAUGLFWwindow@@IIPEBD_N@Z)
Application.obj : error LNK2019: unresolved external symbol glfwWindowShouldClose referenced in function "int __cdecl scene1(void)" (?scene1@@YAHXZ)
Application.obj : error LNK2019: unresolved external symbol glfwSetWindowShouldClose referenced in function "int __cdecl scene1(void)" (?scene1@@YAHXZ)
Application.obj : error LNK2019: unresolved external symbol glfwPollEvents referenced in function "int __cdecl scene1(void)" (?scene1@@YAHXZ)
Application.obj : error LNK2019: unresolved external symbol glfwSetInputMode referenced in function "int __cdecl scene1(void)" (?scene1@@YAHXZ)
Application.obj : error LNK2019: unresolved external symbol glfwSetKeyCallback referenced in function "int __cdecl scene1(void)" (?scene1@@YAHXZ)
Application.obj : error LNK2019: unresolved external symbol glfwSetMouseButtonCallback referenced in function "int __cdecl scene1(void)" (?scene1@@YAHXZ)
Application.obj : error LNK2019: unresolved external symbol glfwSetCursorPosCallback referenced in function "int __cdecl scene1(void)" (?scene1@@YAHXZ)
Application.obj : error LNK2019: unresolved external symbol glfwSetScrollCallback referenced in function "int __cdecl scene1(void)" (?scene1@@YAHXZ)
Application.obj : error LNK2019: unresolved external symbol glfwGetTime referenced in function "int __cdecl scene1(void)" (?scene1@@YAHXZ)
Application.obj : error LNK2019: unresolved external symbol glfwMakeContextCurrent referenced in function "struct GLFWwindow * __cdecl createWindow(unsigned int,unsigned int,char const *,bool)" (?createWindow@@YAPEAUGLFWwindow@@IIPEBD_N@Z)
Application.obj : error LNK2019: unresolved external symbol glfwSwapBuffers referenced in function "int __cdecl scene1(void)" (?scene1@@YAHXZ)
Application.obj : error LNK2019: unresolved external symbol glfwGetProcAddress referenced in function "struct GLFWwindow * __cdecl createWindow(unsigned int,unsigned int,char const *,bool)" (?createWindow@@YAPEAUGLFWwindow@@IIPEBD_N@Z)
C:\Users\dimit\Desktop\OpenGL-master\Dependencies\glfw-3.3.2\lib-vc2019\glfw3.lib : warning LNK4272: library machine type 'x86' conflicts with target machine type 'x64'
C:\Users\dimit\Desktop\OpenGL-master\Dependencies\assimp\lib\assimp-vc142-mtd.lib : warning LNK4272: library machine type 'x86' conflicts with target machine type 'x64'
C:\Users\dimit\Desktop\OpenGL-master\x64\Debug\OpenGL.exe : fatal error LNK1120: 25 unresolved externals
